<?xml version="1.0" encoding="UTF-8"?>
<testsuite xmlns:xsi="http://www.w3.org/2001/XMLSchema-instance" xsi:noNamespaceSchemaLocation="https://maven.apache.org/surefire/maven-surefire-plugin/xsd/surefire-test-report-3.0.xsd" version="3.0" name="com.easybytes.configserver.ConfigserverApplicationTests" time="6.188" tests="1" errors="0" skipped="0" failures="0">
  <properties>
[...]
</properties>
  <testcase name="contextLoads" classname="com.easybytes.configserver.ConfigserverApplicationTests" time="0.639">
    <system-out><![CDATA[18:02:41.371 [main] INFO org.springframework.test.context.support.AnnotationConfigContextLoaderUtils -- Could not detect default configuration classes for test class [com.easybytes.configserver.ConfigserverApplicationTests]: ConfigserverApplicationTests does not declare any static, non-private, non-final, nested classes annotated with @Configuration.
18:02:41.448 [main] INFO org.springframework.boot.test.context.SpringBootTestContextBootstrapper -- Found @SpringBootConfiguration com.easybytes.configserver.ConfigserverApplication for test class com.easybytes.configserver.ConfigserverApplicationTests

  .   ____          _            __ _ _
 /\\ / ___'_ __ _ _(_)_ __  __ _ \ \ \ \
( ( )\___ | '_ | '_| | '_ \/ _` | \ \ \ \
 \\/  ___)| |_)| | | | | || (_| |  ) ) ) )
  '  |____| .__|_| |_|_| |_\__, | / / / /
 =========|_|==============|___/=/_/_/_/
 :: Spring Boot ::                (v3.2.5)

2024-06-09T18:02:41.959+05:30  INFO 3452 --- [configserver] [           main] c.e.c.ConfigserverApplicationTests       : Starting ConfigserverApplicationTests using Java 17.0.5 with PID 3452 (started by 11202601 in C:\Users\11202601\krishna\Microservices\section8\configserver)
2024-06-09T18:02:41.960+05:30  INFO 3452 --- [configserver] [           main] c.e.c.ConfigserverApplicationTests       : The following 1 profile is active: "git"
2024-06-09T18:02:42.792+05:30  INFO 3452 --- [configserver] [           main] o.s.cloud.context.scope.GenericScope     : BeanFactory id=8c60eb98-247f-35e2-a8be-40410b48a456
2024-06-09T18:02:46.662+05:30  INFO 3452 --- [configserver] [           main] o.s.b.a.e.web.EndpointLinksResolver      : Exposing 15 endpoint(s) beneath base path '/actuator'
2024-06-09T18:02:46.746+05:30  INFO 3452 --- [configserver] [           main] c.e.c.ConfigserverApplicationTests       : Started ConfigserverApplicationTests in 5.183 seconds (process running for 5.923)
]]></system-out>
  </testcase>
</testsuite>