<?xml version="1.0" encoding="UTF-8"?>
<testsuite xmlns:xsi="http://www.w3.org/2001/XMLSchema-instance" xsi:noNamespaceSchemaLocation="https://maven.apache.org/surefire/maven-surefire-plugin/xsd/surefire-test-report-3.0.xsd" version="3.0" name="com.easybytes.configserver.ConfigserverApplicationTests" time="8.252" tests="1" errors="0" skipped="0" failures="0">
  <properties>
[...]
</properties>
  <testcase name="contextLoads" classname="com.easybytes.configserver.ConfigserverApplicationTests" time="0.715">
    <system-out><![CDATA[11:03:23.715 [main] INFO org.springframework.test.context.support.AnnotationConfigContextLoaderUtils -- Could not detect default configuration classes for test class [com.easybytes.configserver.ConfigserverApplicationTests]: ConfigserverApplicationTests does not declare any static, non-private, non-final, nested classes annotated with @Configuration.
11:03:23.814 [main] INFO org.springframework.boot.test.context.SpringBootTestContextBootstrapper -- Found @SpringBootConfiguration com.easybytes.configserver.ConfigserverApplication for test class com.easybytes.configserver.ConfigserverApplicationTests

  .   ____          _            __ _ _
 /\\ / ___'_ __ _ _(_)_ __  __ _ \ \ \ \
( ( )\___ | '_ | '_| | '_ \/ _` | \ \ \ \
 \\/  ___)| |_)| | | | | || (_| |  ) ) ) )
  '  |____| .__|_| |_|_| |_\__, | / / / /
 =========|_|==============|___/=/_/_/_/
 :: Spring Boot ::                (v3.2.5)

2024-05-26T11:03:24.455+05:30  INFO 32248 --- [configserver] [           main] c.e.c.ConfigserverApplicationTests       : Starting ConfigserverApplicationTests using Java 17.0.5 with PID 32248 (started by 11202601 in C:\Users\11202601\krishna\Microservices\Section6\v2-spring-cloud-config\configserver)
2024-05-26T11:03:24.456+05:30  INFO 32248 --- [configserver] [           main] c.e.c.ConfigserverApplicationTests       : The following 1 profile is active: "git"
2024-05-26T11:03:25.633+05:30  INFO 32248 --- [configserver] [           main] faultConfiguringBeanFactoryPostProcessor : No bean named 'errorChannel' has been explicitly defined. Therefore, a default PublishSubscribeChannel will be created.
2024-05-26T11:03:25.644+05:30  INFO 32248 --- [configserver] [           main] faultConfiguringBeanFactoryPostProcessor : No bean named 'integrationHeaderChannelRegistry' has been explicitly defined. Therefore, a default DefaultHeaderChannelRegistry will be created.
2024-05-26T11:03:25.765+05:30  INFO 32248 --- [configserver] [           main] o.s.cloud.context.scope.GenericScope     : BeanFactory id=32df0d15-33c5-3afd-bd4d-71af13273143
2024-05-26T11:03:30.146+05:30  INFO 32248 --- [configserver] [           main] o.s.c.s.m.DirectWithAttributesChannel    : Channel 'configserver.springCloudBusInput' has 1 subscriber(s).
2024-05-26T11:03:30.584+05:30  INFO 32248 --- [configserver] [           main] o.s.b.a.e.web.EndpointLinksResolver      : Exposing 21 endpoint(s) beneath base path '/actuator'
2024-05-26T11:03:30.708+05:30  INFO 32248 --- [configserver] [           main] o.s.i.endpoint.EventDrivenConsumer       : Adding {logging-channel-adapter:_org.springframework.integration.errorLogger} as a subscriber to the 'errorChannel' channel
2024-05-26T11:03:30.709+05:30  INFO 32248 --- [configserver] [           main] o.s.i.channel.PublishSubscribeChannel    : Channel 'configserver.errorChannel' has 1 subscriber(s).
2024-05-26T11:03:30.709+05:30  INFO 32248 --- [configserver] [           main] o.s.i.endpoint.EventDrivenConsumer       : started bean '_org.springframework.integration.errorLogger'
2024-05-26T11:03:30.711+05:30  INFO 32248 --- [configserver] [           main] o.s.c.c.m.FileMonitorConfiguration       : Not monitoring for local config changes
2024-05-26T11:03:30.712+05:30  INFO 32248 --- [configserver] [           main] o.s.c.s.binder.DefaultBinderFactory      : Creating binder: rabbit
2024-05-26T11:03:30.712+05:30  INFO 32248 --- [configserver] [           main] o.s.c.s.binder.DefaultBinderFactory      : Constructing binder child context for rabbit
2024-05-26T11:03:30.802+05:30  INFO 32248 --- [configserver] [           main] o.s.c.s.binder.DefaultBinderFactory      : Caching the binder: rabbit
2024-05-26T11:03:30.835+05:30  INFO 32248 --- [configserver] [           main] c.s.b.r.p.RabbitExchangeQueueProvisioner : declaring queue for inbound: springCloudBus.anonymous.cSPBZSdGTTmO_igboZrtBg, bound to: springCloudBus
2024-05-26T11:03:30.841+05:30  INFO 32248 --- [configserver] [           main] o.s.a.r.c.CachingConnectionFactory       : Attempting to connect to: [localhost:5672]
2024-05-26T11:03:30.905+05:30  INFO 32248 --- [configserver] [           main] o.s.a.r.c.CachingConnectionFactory       : Created new connection: rabbitConnectionFactory#2833c093:0/SimpleConnection@436d2bb9 [delegate=amqp://guest@127.0.0.1:5672/, localPort=54051]
2024-05-26T11:03:30.962+05:30  INFO 32248 --- [configserver] [           main] o.s.c.stream.binder.BinderErrorChannel   : Channel 'rabbit-1070050294.springCloudBusInput.errors' has 1 subscriber(s).
2024-05-26T11:03:30.962+05:30  INFO 32248 --- [configserver] [           main] o.s.c.stream.binder.BinderErrorChannel   : Channel 'rabbit-1070050294.springCloudBusInput.errors' has 2 subscriber(s).
2024-05-26T11:03:30.981+05:30  INFO 32248 --- [configserver] [           main] o.s.i.a.i.AmqpInboundChannelAdapter      : started bean 'inbound.springCloudBus.anonymous.cSPBZSdGTTmO_igboZrtBg'
2024-05-26T11:03:31.018+05:30  INFO 32248 --- [configserver] [           main] c.e.c.ConfigserverApplicationTests       : Started ConfigserverApplicationTests in 7.048 seconds (process running for 8.004)
]]></system-out>
  </testcase>
</testsuite>