<?xml version="1.0" encoding="UTF-8"?>
<testsuite xmlns:xsi="http://www.w3.org/2001/XMLSchema-instance" xsi:noNamespaceSchemaLocation="https://maven.apache.org/surefire/maven-surefire-plugin/xsd/surefire-test-report-3.0.xsd" version="3.0" name="com.eazybytes.cards.CardsApplicationTests" time="10.003" tests="1" errors="0" skipped="0" failures="0">
  <properties>
[...]
</properties>
  <testcase name="contextLoads" classname="com.eazybytes.cards.CardsApplicationTests" time="0.551">
    <system-out><![CDATA[Standard Commons Logging discovery in action with spring-jcl: please remove commons-logging.jar from classpath in order to avoid potential conflicts
19:32:20.815 [main] INFO org.springframework.test.context.support.AnnotationConfigContextLoaderUtils -- Could not detect default configuration classes for test class [com.eazybytes.cards.CardsApplicationTests]: CardsApplicationTests does not declare any static, non-private, non-final, nested classes annotated with @Configuration.
19:32:20.918 [main] INFO org.springframework.boot.test.context.SpringBootTestContextBootstrapper -- Found @SpringBootConfiguration com.eazybytes.cards.CardsApplication for test class com.eazybytes.cards.CardsApplicationTests

  .   ____          _            __ _ _
 /\\ / ___'_ __ _ _(_)_ __  __ _ \ \ \ \
( ( )\___ | '_ | '_| | '_ \/ _` | \ \ \ \
 \\/  ___)| |_)| | | | | || (_| |  ) ) ) )
  '  |____| .__|_| |_|_| |_\__, | / / / /
 =========|_|==============|___/=/_/_/_/
 :: Spring Boot ::                (v3.2.3)

2024-05-25T19:32:23.509+05:30  INFO 23684 --- [cards] [           main] c.eazybytes.cards.CardsApplicationTests  : Starting CardsApplicationTests using Java 17.0.5 with PID 23684 (started by 11202601 in C:\Users\11202601\krishna\Microservices\Section6\v2-spring-cloud-config\cards)
2024-05-25T19:32:23.511+05:30  INFO 23684 --- [cards] [           main] c.eazybytes.cards.CardsApplicationTests  : The following 1 profile is active: "prod"
2024-05-25T19:32:23.550+05:30  INFO 23684 --- [cards] [           main] o.s.c.c.c.ConfigServerConfigDataLoader   : Fetching config from server at : http://localhost:8071/
2024-05-25T19:32:23.550+05:30  INFO 23684 --- [cards] [           main] o.s.c.c.c.ConfigServerConfigDataLoader   : Located environment: name=cards, profiles=[default], label=null, version=98c753ec5ebf8893daa0961e9d7a3fce88b51caa, state=null
2024-05-25T19:32:23.550+05:30  INFO 23684 --- [cards] [           main] o.s.c.c.c.ConfigServerConfigDataLoader   : Fetching config from server at : http://localhost:8071/
2024-05-25T19:32:23.550+05:30  INFO 23684 --- [cards] [           main] o.s.c.c.c.ConfigServerConfigDataLoader   : Located environment: name=cards, profiles=[prod], label=null, version=98c753ec5ebf8893daa0961e9d7a3fce88b51caa, state=null
2024-05-25T19:32:24.620+05:30  INFO 23684 --- [cards] [           main] .s.d.r.c.RepositoryConfigurationDelegate : Bootstrapping Spring Data JPA repositories in DEFAULT mode.
2024-05-25T19:32:24.776+05:30  INFO 23684 --- [cards] [           main] .s.d.r.c.RepositoryConfigurationDelegate : Finished Spring Data repository scanning in 150 ms. Found 1 JPA repository interface.
2024-05-25T19:32:24.883+05:30  INFO 23684 --- [cards] [           main] faultConfiguringBeanFactoryPostProcessor : No bean named 'errorChannel' has been explicitly defined. Therefore, a default PublishSubscribeChannel will be created.
2024-05-25T19:32:24.893+05:30  INFO 23684 --- [cards] [           main] faultConfiguringBeanFactoryPostProcessor : No bean named 'integrationHeaderChannelRegistry' has been explicitly defined. Therefore, a default DefaultHeaderChannelRegistry will be created.
2024-05-25T19:32:25.033+05:30  INFO 23684 --- [cards] [           main] o.s.cloud.context.scope.GenericScope     : BeanFactory id=5fc13432-2d98-3359-9a04-acad152aaf40
2024-05-25T19:32:25.476+05:30  INFO 23684 --- [cards] [           main] com.zaxxer.hikari.HikariDataSource       : HikariPool-1 - Starting...
2024-05-25T19:32:25.671+05:30  INFO 23684 --- [cards] [           main] com.zaxxer.hikari.pool.HikariPool        : HikariPool-1 - Added connection conn0: url=jdbc:h2:mem:testdb user=SA
2024-05-25T19:32:25.672+05:30  INFO 23684 --- [cards] [           main] com.zaxxer.hikari.HikariDataSource       : HikariPool-1 - Start completed.
2024-05-25T19:32:25.812+05:30  INFO 23684 --- [cards] [           main] o.hibernate.jpa.internal.util.LogHelper  : HHH000204: Processing PersistenceUnitInfo [name: default]
2024-05-25T19:32:25.884+05:30  INFO 23684 --- [cards] [           main] org.hibernate.Version                    : HHH000412: Hibernate ORM core version 6.4.4.Final
2024-05-25T19:32:25.921+05:30  INFO 23684 --- [cards] [           main] o.h.c.internal.RegionFactoryInitiator    : HHH000026: Second-level cache disabled
2024-05-25T19:32:26.203+05:30  INFO 23684 --- [cards] [           main] o.s.o.j.p.SpringPersistenceUnitInfo      : No LoadTimeWeaver setup: ignoring JPA class transformer
2024-05-25T19:32:26.258+05:30  WARN 23684 --- [cards] [           main] org.hibernate.orm.deprecation            : HHH90000025: H2Dialect does not need to be specified explicitly using 'hibernate.dialect' (remove the property setting and it will be selected by default)
2024-05-25T19:32:27.027+05:30  INFO 23684 --- [cards] [           main] o.h.e.t.j.p.i.JtaPlatformInitiator       : HHH000489: No JTA platform available (set 'hibernate.transaction.jta.platform' to enable JTA platform integration)
Hibernate: alter table if exists cards alter column card_id set data type bigint
Hibernate: alter table if exists cards alter column created_at set data type timestamp(6)
Hibernate: alter table if exists cards alter column updated_at set data type timestamp(6)
2024-05-25T19:32:27.076+05:30  INFO 23684 --- [cards] [           main] j.LocalContainerEntityManagerFactoryBean : Initialized JPA EntityManagerFactory for persistence unit 'default'
2024-05-25T19:32:27.754+05:30  WARN 23684 --- [cards] [           main] JpaBaseConfiguration$JpaWebConfiguration : spring.jpa.open-in-view is enabled by default. Therefore, database queries may be performed during view rendering. Explicitly configure spring.jpa.open-in-view to disable this warning
2024-05-25T19:32:29.167+05:30  INFO 23684 --- [cards] [           main] o.s.c.s.m.DirectWithAttributesChannel    : Channel 'cards.springCloudBusInput' has 1 subscriber(s).
2024-05-25T19:32:29.378+05:30  INFO 23684 --- [cards] [           main] o.s.b.a.h2.H2ConsoleAutoConfiguration    : H2 console available at '/h2-console'. Database available at 'jdbc:h2:mem:testdb'
2024-05-25T19:32:29.568+05:30  INFO 23684 --- [cards] [           main] o.s.b.a.e.web.EndpointLinksResolver      : Exposing 21 endpoint(s) beneath base path '/actuator'
2024-05-25T19:32:29.714+05:30  INFO 23684 --- [cards] [           main] o.s.i.endpoint.EventDrivenConsumer       : Adding {logging-channel-adapter:_org.springframework.integration.errorLogger} as a subscriber to the 'errorChannel' channel
2024-05-25T19:32:29.715+05:30  INFO 23684 --- [cards] [           main] o.s.i.channel.PublishSubscribeChannel    : Channel 'cards.errorChannel' has 1 subscriber(s).
2024-05-25T19:32:29.715+05:30  INFO 23684 --- [cards] [           main] o.s.i.endpoint.EventDrivenConsumer       : started bean '_org.springframework.integration.errorLogger'
2024-05-25T19:32:29.716+05:30  INFO 23684 --- [cards] [           main] o.s.c.s.binder.DefaultBinderFactory      : Creating binder: rabbit
2024-05-25T19:32:29.717+05:30  INFO 23684 --- [cards] [           main] o.s.c.s.binder.DefaultBinderFactory      : Constructing binder child context for rabbit
2024-05-25T19:32:29.792+05:30  INFO 23684 --- [cards] [           main] o.s.c.s.binder.DefaultBinderFactory      : Caching the binder: rabbit
2024-05-25T19:32:29.827+05:30  INFO 23684 --- [cards] [           main] c.s.b.r.p.RabbitExchangeQueueProvisioner : declaring queue for inbound: springCloudBus.anonymous.YQgTxYo4QU-xAGBvJIFinw, bound to: springCloudBus
2024-05-25T19:32:29.848+05:30  INFO 23684 --- [cards] [           main] o.s.a.r.c.CachingConnectionFactory       : Attempting to connect to: [localhost:5672]
2024-05-25T19:32:29.899+05:30  INFO 23684 --- [cards] [           main] o.s.a.r.c.CachingConnectionFactory       : Created new connection: rabbitConnectionFactory#689afbb0:0/SimpleConnection@11eb41f4 [delegate=amqp://guest@127.0.0.1:5672/, localPort=65315]
2024-05-25T19:32:29.951+05:30  INFO 23684 --- [cards] [           main] o.s.c.stream.binder.BinderErrorChannel   : Channel 'rabbit-83838072.springCloudBusInput.errors' has 1 subscriber(s).
2024-05-25T19:32:29.952+05:30  INFO 23684 --- [cards] [           main] o.s.c.stream.binder.BinderErrorChannel   : Channel 'rabbit-83838072.springCloudBusInput.errors' has 2 subscriber(s).
2024-05-25T19:32:29.971+05:30  INFO 23684 --- [cards] [           main] o.s.i.a.i.AmqpInboundChannelAdapter      : started bean 'inbound.springCloudBus.anonymous.YQgTxYo4QU-xAGBvJIFinw'
2024-05-25T19:32:30.020+05:30  INFO 23684 --- [cards] [           main] c.eazybytes.cards.CardsApplicationTests  : Started CardsApplicationTests in 8.944 seconds (process running for 9.903)
]]></system-out>
  </testcase>
</testsuite>